#
# There is insufficient memory for the Java Runtime Environment to continue.
# Native memory allocation (malloc) failed to allocate 771696 bytes for Chunk::new
# Possible reasons:
#   The system is out of physical RAM or swap space
#   The process is running with CompressedOops enabled, and the Java Heap may be blocking the growth of the native heap
# Possible solutions:
#   Reduce memory load on the system
#   Increase physical memory or swap space
#   Check if swap backing store is full
#   Decrease Java heap size (-Xmx/-Xms)
#   Decrease number of Java threads
#   Decrease Java thread stack sizes (-Xss)
#   Set larger code cache with -XX:ReservedCodeCacheSize=
#   JVM is running with Zero Based Compressed Oops mode in which the Java heap is
#     placed in the first 32GB address space. The Java Heap base address is the
#     maximum limit for the native heap growth. Please use -XX:HeapBaseMinAddress
#     to set the Java Heap base and to place the Java Heap above 32GB virtual address.
# This output file may be truncated or incomplete.
#
#  Out of Memory Error (./open/src/hotspot/share/memory/arena.cpp:197), pid=13064, tid=18684
#
# JRE version: Java(TM) SE Runtime Environment 18.9 (11.0.13+10) (build 11.0.13+10-LTS-370)
# Java VM: Java HotSpot(TM) 64-Bit Server VM 18.9 (11.0.13+10-LTS-370, mixed mode, tiered, compressed oops, g1 gc, windows-amd64)
# No core dump will be written. Minidumps are not enabled by default on client versions of Windows
#

---------------  S U M M A R Y ------------

Command Line: -Dfile.encoding=UTF-8 -Duser.country=SG -Duser.language=en -Duser.variant seedu.address.Main

Host: AMD Ryzen 7 5800H with Radeon Graphics         , 16 cores, 15G,  Windows 10 , 64 bit Build 22000 (10.0.22000.434)
Time: Thu Mar 24 20:05:16 2022 Malay Peninsula Standard Time elapsed time: 1.421842 seconds (0d 0h 0m 1s)

---------------  T H R E A D  ---------------

Current thread (0x0000020934925000):  JavaThread "C2 CompilerThread0" daemon [_thread_in_native, id=18684, stack(0x00000023e3a00000,0x00000023e3b00000)]


Current CompileTask:
C2:   1421 2559       4       javafx.css.CompoundSelector::applies (144 bytes)

Stack: [0x00000023e3a00000,0x00000023e3b00000]
Native frames: (J=compiled Java code, j=interpreted, Vv=VM code, C=native code)
V  [jvm.dll+0x62870a]
V  [jvm.dll+0x761f2f]
V  [jvm.dll+0x7635d9]
V  [jvm.dll+0x763c63]
V  [jvm.dll+0x23d728]
V  [jvm.dll+0xb293c]
V  [jvm.dll+0xb2efc]
V  [jvm.dll+0x340872]
V  [jvm.dll+0x30e603]
V  [jvm.dll+0x30d94a]
V  [jvm.dll+0x1f8255]
V  [jvm.dll+0x1f743d]
V  [jvm.dll+0x177991]
V  [jvm.dll+0x206d84]
V  [jvm.dll+0x204ebb]
V  [jvm.dll+0x727e70]
V  [jvm.dll+0x720a54]
V  [jvm.dll+0x627606]
C  [ucrtbase.dll+0x26c0c]
C  [KERNEL32.DLL+0x154e0]
C  [ntdll.dll+0x485b]


---------------  P R O C E S S  ---------------

Threads class SMR info:
_java_thread_list=0x000002093f29c6c0, length=22, elements={
0x0000020910ded000, 0x0000020934000000, 0x00000209348c9800, 0x000002093402b800,
0x000002093402d000, 0x000002093402e000, 0x0000020934925000, 0x0000020934929800,
0x000002093492b000, 0x0000020934a7c800, 0x0000020934a9e000, 0x0000020934aed000,
0x0000020934baa800, 0x0000020935385000, 0x000002093513a800, 0x0000020935518000,
0x0000020935948800, 0x0000020935a23800, 0x0000020935a81000, 0x000002093da6b800,
0x0000020935b89000, 0x000002093dafb800
}

Java Threads: ( => current thread )
  0x0000020910ded000 JavaThread "main" [_thread_blocked, id=2184, stack(0x00000023e2e00000,0x00000023e2f00000)]
  0x0000020934000000 JavaThread "Reference Handler" daemon [_thread_blocked, id=28736, stack(0x00000023e3500000,0x00000023e3600000)]
  0x00000209348c9800 JavaThread "Finalizer" daemon [_thread_blocked, id=30424, stack(0x00000023e3600000,0x00000023e3700000)]
  0x000002093402b800 JavaThread "Signal Dispatcher" daemon [_thread_blocked, id=26360, stack(0x00000023e3700000,0x00000023e3800000)]
  0x000002093402d000 JavaThread "Attach Listener" daemon [_thread_blocked, id=30236, stack(0x00000023e3800000,0x00000023e3900000)]
  0x000002093402e000 JavaThread "Service Thread" daemon [_thread_blocked, id=4604, stack(0x00000023e3900000,0x00000023e3a00000)]
=>0x0000020934925000 JavaThread "C2 CompilerThread0" daemon [_thread_in_native, id=18684, stack(0x00000023e3a00000,0x00000023e3b00000)]
  0x0000020934929800 JavaThread "C1 CompilerThread0" daemon [_thread_in_vm_trans, id=31368, stack(0x00000023e3b00000,0x00000023e3c00000)]
  0x000002093492b000 JavaThread "Sweeper thread" daemon [_thread_blocked, id=6660, stack(0x00000023e3c00000,0x00000023e3d00000)]
  0x0000020934a7c800 JavaThread "C1 CompilerThread1" daemon [_thread_in_vm, id=13644, stack(0x00000023e3d00000,0x00000023e3e00000)]
  0x0000020934a9e000 JavaThread "Common-Cleaner" daemon [_thread_blocked, id=22004, stack(0x00000023e3f00000,0x00000023e4000000)]
  0x0000020934aed000 JavaThread "C2 CompilerThread1" daemon [_thread_in_native, id=23296, stack(0x00000023e4000000,0x00000023e4100000)]
  0x0000020934baa800 JavaThread "JavaFX-Launcher" [_thread_blocked, id=7156, stack(0x00000023e4200000,0x00000023e4300000)]
  0x0000020935385000 JavaThread "QuantumRenderer-0" daemon [_thread_blocked, id=3028, stack(0x00000023e4300000,0x00000023e4400000)]
  0x000002093513a800 JavaThread "InvokeLaterDispatcher" daemon [_thread_blocked, id=31392, stack(0x00000023e4700000,0x00000023e4800000)]
  0x0000020935518000 JavaThread "JavaFX Application Thread" [_thread_in_Java, id=31224, stack(0x00000023e4800000,0x00000023e4900000)]
  0x0000020935948800 JavaThread "Thread-2" daemon [_thread_in_native, id=20996, stack(0x00000023e4100000,0x00000023e4200000)]
  0x0000020935a23800 JavaThread "C1 CompilerThread2" daemon [_thread_in_vm, id=14880, stack(0x00000023e4a00000,0x00000023e4b00000)]
  0x0000020935a81000 JavaThread "C1 CompilerThread3" daemon [_thread_blocked, id=15124, stack(0x00000023e4b00000,0x00000023e4c00000)]
  0x000002093da6b800 JavaThread "C2 CompilerThread2" daemon [_thread_blocked, id=19872, stack(0x00000023e5300000,0x00000023e5400000)]
  0x0000020935b89000 JavaThread "C2 CompilerThread3" daemon [_thread_blocked, id=26448, stack(0x00000023e5500000,0x00000023e5600000)]
  0x000002093dafb800 JavaThread "Prism Font Disposer" daemon [_thread_blocked, id=21520, stack(0x00000023e5600000,0x00000023e5700000)]

Other Threads:
  0x0000020933ffc000 VMThread "VM Thread" [stack: 0x00000023e3400000,0x00000023e3500000] [id=24780]
  0x0000020934ade800 WatcherThread [stack: 0x00000023e3e00000,0x00000023e3f00000] [id=10732]
  0x0000020910e03000 GCTaskThread "GC Thread#0" [stack: 0x00000023e2f00000,0x00000023e3000000] [id=19708]
  0x0000020935a90800 GCTaskThread "GC Thread#1" [stack: 0x00000023e4c00000,0x00000023e4d00000] [id=23444]
  0x00000209354fd000 GCTaskThread "GC Thread#2" [stack: 0x00000023e4d00000,0x00000023e4e00000] [id=21816]
  0x0000020935b1b000 GCTaskThread "GC Thread#3" [stack: 0x00000023e4e00000,0x00000023e4f00000] [id=9012]
  0x0000020935b58000 GCTaskThread "GC Thread#4" [stack: 0x00000023e4f00000,0x00000023e5000000] [id=23904]
  0x0000020935b58800 GCTaskThread "GC Thread#5" [stack: 0x00000023e5000000,0x00000023e5100000] [id=11972]
  0x0000020910e5e800 ConcurrentGCThread "G1 Main Marker" [stack: 0x00000023e3000000,0x00000023e3100000] [id=23104]
  0x0000020910e61000 ConcurrentGCThread "G1 Conc#0" [stack: 0x00000023e3100000,0x00000023e3200000] [id=16000]
  0x0000020935e6f800 ConcurrentGCThread "G1 Conc#1" [stack: 0x00000023e5100000,0x00000023e5200000] [id=11632]
  0x000002093dd89000 ConcurrentGCThread "G1 Conc#2" [stack: 0x00000023e5200000,0x00000023e5300000] [id=24504]
  0x0000020910ecd800 ConcurrentGCThread "G1 Refine#0" [stack: 0x00000023e3200000,0x00000023e3300000] [id=24212]
  0x0000020910ece800 ConcurrentGCThread "G1 Young RemSet Sampling" [stack: 0x00000023e3300000,0x00000023e3400000] [id=9568]

Threads with active compile tasks:
C2 CompilerThread0   1446 2559       4       javafx.css.CompoundSelector::applies (144 bytes)
C2 CompilerThread1   1446 2714       4       com.sun.javafx.css.StyleMap::getCascadingStyles (384 bytes)
C1 CompilerThread2   1446 2789       3       jdk.internal.reflect.NativeMethodAccessorImpl::invoke (104 bytes)

VM state:not at safepoint (normal execution)

VM Mutex/Monitor currently owned by a thread: None

Heap address: 0x000000070a200000, size: 3934 MB, Compressed Oops mode: Zero based, Oop shift amount: 3
Narrow klass base: 0x0000000800000000, Narrow klass shift: 0
Compressed class space size: 1073741824 Address: 0x0000000800000000

Heap:
 garbage-first heap   total 251904K, used 27400K [0x000000070a200000, 0x0000000800000000)
  region size 1024K, 22 young (22528K), 4 survivors (4096K)
 Metaspace       used 29500K, capacity 30715K, committed 30848K, reserved 1075200K
  class space    used 3843K, capacity 4357K, committed 4480K, reserved 1048576K
Heap Regions: E=young(eden), S=young(survivor), O=old, HS=humongous(starts), HC=humongous(continues), CS=collection set, F=free, A=archive, TAMS=top-at-mark-start (previous, next)
|   0|0x000000070a200000, 0x000000070a300000, 0x000000070a300000|100%| O|  |TAMS 0x000000070a300000, 0x000000070a200000| Untracked 
|   1|0x000000070a300000, 0x000000070a400000, 0x000000070a400000|100%| O|  |TAMS 0x000000070a400000, 0x000000070a300000| Untracked 
|   2|0x000000070a400000, 0x000000070a500000, 0x000000070a500000|100%| O|  |TAMS 0x000000070a410a00, 0x000000070a400000| Untracked 
|   3|0x000000070a500000, 0x000000070a600000, 0x000000070a600000|100%| O|  |TAMS 0x000000070a500000, 0x000000070a500000| Untracked 
|   4|0x000000070a600000, 0x000000070a700000, 0x000000070a700000|100%| O|  |TAMS 0x000000070a600000, 0x000000070a600000| Untracked 
|   5|0x000000070a700000, 0x000000070a7c2200, 0x000000070a800000| 75%| O|  |TAMS 0x000000070a700000, 0x000000070a700000| Untracked 
|   6|0x000000070a800000, 0x000000070a800000, 0x000000070a900000|  0%| F|  |TAMS 0x000000070a800000, 0x000000070a800000| Untracked 
|   7|0x000000070a900000, 0x000000070a900000, 0x000000070aa00000|  0%| F|  |TAMS 0x000000070a900000, 0x000000070a900000| Untracked 
|   8|0x000000070aa00000, 0x000000070aa00000, 0x000000070ab00000|  0%| F|  |TAMS 0x000000070aa00000, 0x000000070aa00000| Untracked 
|   9|0x000000070ab00000, 0x000000070ab00000, 0x000000070ac00000|  0%| F|  |TAMS 0x000000070ab00000, 0x000000070ab00000| Untracked 
|  10|0x000000070ac00000, 0x000000070ac00000, 0x000000070ad00000|  0%| F|  |TAMS 0x000000070ac00000, 0x000000070ac00000| Untracked 
|  11|0x000000070ad00000, 0x000000070ad00000, 0x000000070ae00000|  0%| F|  |TAMS 0x000000070ad00000, 0x000000070ad00000| Untracked 
|  12|0x000000070ae00000, 0x000000070ae00000, 0x000000070af00000|  0%| F|  |TAMS 0x000000070ae00000, 0x000000070ae00000| Untracked 
|  13|0x000000070af00000, 0x000000070af00000, 0x000000070b000000|  0%| F|  |TAMS 0x000000070af00000, 0x000000070af00000| Untracked 
|  14|0x000000070b000000, 0x000000070b000000, 0x000000070b100000|  0%| F|  |TAMS 0x000000070b000000, 0x000000070b000000| Untracked 
|  15|0x000000070b100000, 0x000000070b100000, 0x000000070b200000|  0%| F|  |TAMS 0x000000070b100000, 0x000000070b100000| Untracked 
|  16|0x000000070b200000, 0x000000070b200000, 0x000000070b300000|  0%| F|  |TAMS 0x000000070b200000, 0x000000070b200000| Untracked 
|  17|0x000000070b300000, 0x000000070b300000, 0x000000070b400000|  0%| F|  |TAMS 0x000000070b300000, 0x000000070b300000| Untracked 
|  18|0x000000070b400000, 0x000000070b400000, 0x000000070b500000|  0%| F|  |TAMS 0x000000070b400000, 0x000000070b400000| Untracked 
|  19|0x000000070b500000, 0x000000070b500000, 0x000000070b600000|  0%| F|  |TAMS 0x000000070b500000, 0x000000070b500000| Untracked 
|  20|0x000000070b600000, 0x000000070b600000, 0x000000070b700000|  0%| F|  |TAMS 0x000000070b600000, 0x000000070b600000| Untracked 
|  21|0x000000070b700000, 0x000000070b700000, 0x000000070b800000|  0%| F|  |TAMS 0x000000070b700000, 0x000000070b700000| Untracked 
|  22|0x000000070b800000, 0x000000070b800000, 0x000000070b900000|  0%| F|  |TAMS 0x000000070b800000, 0x000000070b800000| Untracked 
|  23|0x000000070b900000, 0x000000070b900000, 0x000000070ba00000|  0%| F|  |TAMS 0x000000070b900000, 0x000000070b900000| Untracked 
|  24|0x000000070ba00000, 0x000000070ba00000, 0x000000070bb00000|  0%| F|  |TAMS 0x000000070ba00000, 0x000000070ba00000| Untracked 
|  25|0x000000070bb00000, 0x000000070bb00000, 0x000000070bc00000|  0%| F|  |TAMS 0x000000070bb00000, 0x000000070bb00000| Untracked 
|  26|0x000000070bc00000, 0x000000070bc00000, 0x000000070bd00000|  0%| F|  |TAMS 0x000000070bc00000, 0x000000070bc00000| Untracked 
|  27|0x000000070bd00000, 0x000000070bd00000, 0x000000070be00000|  0%| F|  |TAMS 0x000000070bd00000, 0x000000070bd00000| Untracked 
|  28|0x000000070be00000, 0x000000070be00000, 0x000000070bf00000|  0%| F|  |TAMS 0x000000070be00000, 0x000000070be00000| Untracked 
|  29|0x000000070bf00000, 0x000000070bf00000, 0x000000070c000000|  0%| F|  |TAMS 0x000000070bf00000, 0x000000070bf00000| Untracked 
|  30|0x000000070c000000, 0x000000070c000000, 0x000000070c100000|  0%| F|  |TAMS 0x000000070c000000, 0x000000070c000000| Untracked 
|  31|0x000000070c100000, 0x000000070c100000, 0x000000070c200000|  0%| F|  |TAMS 0x000000070c100000, 0x000000070c100000| Untracked 
|  32|0x000000070c200000, 0x000000070c200000, 0x000000070c300000|  0%| F|  |TAMS 0x000000070c200000, 0x000000070c200000| Untracked 
|  33|0x000000070c300000, 0x000000070c300000, 0x000000070c400000|  0%| F|  |TAMS 0x000000070c300000, 0x000000070c300000| Untracked 
|  34|0x000000070c400000, 0x000000070c400000, 0x000000070c500000|  0%| F|  |TAMS 0x000000070c400000, 0x000000070c400000| Untracked 
|  35|0x000000070c500000, 0x000000070c500000, 0x000000070c600000|  0%| F|  |TAMS 0x000000070c500000, 0x000000070c500000| Untracked 
|  36|0x000000070c600000, 0x000000070c600000, 0x000000070c700000|  0%| F|  |TAMS 0x000000070c600000, 0x000000070c600000| Untracked 
|  37|0x000000070c700000, 0x000000070c700000, 0x000000070c800000|  0%| F|  |TAMS 0x000000070c700000, 0x000000070c700000| Untracked 
|  38|0x000000070c800000, 0x000000070c800000, 0x000000070c900000|  0%| F|  |TAMS 0x000000070c800000, 0x000000070c800000| Untracked 
|  39|0x000000070c900000, 0x000000070c900000, 0x000000070ca00000|  0%| F|  |TAMS 0x000000070c900000, 0x000000070c900000| Untracked 
|  40|0x000000070ca00000, 0x000000070ca00000, 0x000000070cb00000|  0%| F|  |TAMS 0x000000070ca00000, 0x000000070ca00000| Untracked 
|  41|0x000000070cb00000, 0x000000070cb00000, 0x000000070cc00000|  0%| F|  |TAMS 0x000000070cb00000, 0x000000070cb00000| Untracked 
|  42|0x000000070cc00000, 0x000000070cc00000, 0x000000070cd00000|  0%| F|  |TAMS 0x000000070cc00000, 0x000000070cc00000| Untracked 
|  43|0x000000070cd00000, 0x000000070cd00000, 0x000000070ce00000|  0%| F|  |TAMS 0x000000070cd00000, 0x000000070cd00000| Untracked 
|  44|0x000000070ce00000, 0x000000070ce00000, 0x000000070cf00000|  0%| F|  |TAMS 0x000000070ce00000, 0x000000070ce00000| Untracked 
|  45|0x000000070cf00000, 0x000000070cf00000, 0x000000070d000000|  0%| F|  |TAMS 0x000000070cf00000, 0x000000070cf00000| Untracked 
|  46|0x000000070d000000, 0x000000070d000000, 0x000000070d100000|  0%| F|  |TAMS 0x000000070d000000, 0x000000070d000000| Untracked 
|  47|0x000000070d100000, 0x000000070d100000, 0x000000070d200000|  0%| F|  |TAMS 0x000000070d100000, 0x000000070d100000| Untracked 
|  48|0x000000070d200000, 0x000000070d200000, 0x000000070d300000|  0%| F|  |TAMS 0x000000070d200000, 0x000000070d200000| Untracked 
|  49|0x000000070d300000, 0x000000070d300000, 0x000000070d400000|  0%| F|  |TAMS 0x000000070d300000, 0x000000070d300000| Untracked 
|  50|0x000000070d400000, 0x000000070d400000, 0x000000070d500000|  0%| F|  |TAMS 0x000000070d400000, 0x000000070d400000| Untracked 
|  51|0x000000070d500000, 0x000000070d500000, 0x000000070d600000|  0%| F|  |TAMS 0x000000070d500000, 0x000000070d500000| Untracked 
|  52|0x000000070d600000, 0x000000070d600000, 0x000000070d700000|  0%| F|  |TAMS 0x000000070d600000, 0x000000070d600000| Untracked 
|  53|0x000000070d700000, 0x000000070d700000, 0x000000070d800000|  0%| F|  |TAMS 0x000000070d700000, 0x000000070d700000| Untracked 
|  54|0x000000070d800000, 0x000000070d800000, 0x000000070d900000|  0%| F|  |TAMS 0x000000070d800000, 0x000000070d800000| Untracked 
|  55|0x000000070d900000, 0x000000070d900000, 0x000000070da00000|  0%| F|  |TAMS 0x000000070d900000, 0x000000070d900000| Untracked 
|  56|0x000000070da00000, 0x000000070da00000, 0x000000070db00000|  0%| F|  |TAMS 0x000000070da00000, 0x000000070da00000| Untracked 
|  57|0x000000070db00000, 0x000000070db00000, 0x000000070dc00000|  0%| F|  |TAMS 0x000000070db00000, 0x000000070db00000| Untracked 
|  58|0x000000070dc00000, 0x000000070dc00000, 0x000000070dd00000|  0%| F|  |TAMS 0x000000070dc00000, 0x000000070dc00000| Untracked 
|  59|0x000000070dd00000, 0x000000070dd00000, 0x000000070de00000|  0%| F|  |TAMS 0x000000070dd00000, 0x000000070dd00000| Untracked 
|  60|0x000000070de00000, 0x000000070de00000, 0x000000070df00000|  0%| F|  |TAMS 0x000000070de00000, 0x000000070de00000| Untracked 
|  61|0x000000070df00000, 0x000000070df00000, 0x000000070e000000|  0%| F|  |TAMS 0x000000070df00000, 0x000000070df00000| Untracked 
|  62|0x000000070e000000, 0x000000070e000000, 0x000000070e100000|  0%| F|  |TAMS 0x000000070e000000, 0x000000070e000000| Untracked 
|  63|0x000000070e100000, 0x000000070e100000, 0x000000070e200000|  0%| F|  |TAMS 0x000000070e100000, 0x000000070e100000| Untracked 
|  64|0x000000070e200000, 0x000000070e200000, 0x000000070e300000|  0%| F|  |TAMS 0x000000070e200000, 0x000000070e200000| Untracked 
|  65|0x000000070e300000, 0x000000070e300000, 0x000000070e400000|  0%| F|  |TAMS 0x000000070e300000, 0x000000070e300000| Untracked 
|  66|0x000000070e400000, 0x000000070e400000, 0x000000070e500000|  0%| F|  |TAMS 0x000000070e400000, 0x000000070e400000| Untracked 
|  67|0x000000070e500000, 0x000000070e500000, 0x000000070e600000|  0%| F|  |TAMS 0x000000070e500000, 0x000000070e500000| Untracked 
|  68|0x000000070e600000, 0x000000070e600000, 0x000000070e700000|  0%| F|  |TAMS 0x000000070e600000, 0x000000070e600000| Untracked 
|  69|0x000000070e700000, 0x000000070e700000, 0x000000070e800000|  0%| F|  |TAMS 0x000000070e700000, 0x000000070e700000| Untracked 
|  70|0x000000070e800000, 0x000000070e800000, 0x000000070e900000|  0%| F|  |TAMS 0x000000070e800000, 0x000000070e800000| Untracked 
|  71|0x000000070e900000, 0x000000070e900000, 0x000000070ea00000|  0%| F|  |TAMS 0x000000070e900000, 0x000000070e900000| Untracked 
|  72|0x000000070ea00000, 0x000000070ea00000, 0x000000070eb00000|  0%| F|  |TAMS 0x000000070ea00000, 0x000000070ea00000| Untracked 
|  73|0x000000070eb00000, 0x000000070eb00000, 0x000000070ec00000|  0%| F|  |TAMS 0x000000070eb00000, 0x000000070eb00000| Untracked 
|  74|0x000000070ec00000, 0x000000070ec00000, 0x000000070ed00000|  0%| F|  |TAMS 0x000000070ec00000, 0x000000070ec00000| Untracked 
|  75|0x000000070ed00000, 0x000000070ed00000, 0x000000070ee00000|  0%| F|  |TAMS 0x000000070ed00000, 0x000000070ed00000| Untracked 
|  76|0x000000070ee00000, 0x000000070ee00000, 0x000000070ef00000|  0%| F|  |TAMS 0x000000070ee00000, 0x000000070ee00000| Untracked 
|  77|0x000000070ef00000, 0x000000070ef00000, 0x000000070f000000|  0%| F|  |TAMS 0x000000070ef00000, 0x000000070ef00000| Untracked 
|  78|0x000000070f000000, 0x000000070f000000, 0x000000070f100000|  0%| F|  |TAMS 0x000000070f000000, 0x000000070f000000| Untracked 
|  79|0x000000070f100000, 0x000000070f100000, 0x000000070f200000|  0%| F|  |TAMS 0x000000070f100000, 0x000000070f100000| Untracked 
|  80|0x000000070f200000, 0x000000070f200000, 0x000000070f300000|  0%| F|  |TAMS 0x000000070f200000, 0x000000070f200000| Untracked 
|  81|0x000000070f300000, 0x000000070f300000, 0x000000070f400000|  0%| F|  |TAMS 0x000000070f300000, 0x000000070f300000| Untracked 
|  82|0x000000070f400000, 0x000000070f400000, 0x000000070f500000|  0%| F|  |TAMS 0x000000070f400000, 0x000000070f400000| Untracked 
|  83|0x000000070f500000, 0x000000070f500000, 0x000000070f600000|  0%| F|  |TAMS 0x000000070f500000, 0x000000070f500000| Untracked 
|  84|0x000000070f600000, 0x000000070f600000, 0x000000070f700000|  0%| F|  |TAMS 0x000000070f600000, 0x000000070f600000| Untracked 
|  85|0x000000070f700000, 0x000000070f700000, 0x000000070f800000|  0%| F|  |TAMS 0x000000070f700000, 0x000000070f700000| Untracked 
|  86|0x000000070f800000, 0x000000070f800000, 0x000000070f900000|  0%| F|  |TAMS 0x000000070f800000, 0x000000070f800000| Untracked 
|  87|0x000000070f900000, 0x000000070f900000, 0x000000070fa00000|  0%| F|  |TAMS 0x000000070f900000, 0x000000070f900000| Untracked 
|  88|0x000000070fa00000, 0x000000070fa00000, 0x000000070fb00000|  0%| F|  |TAMS 0x000000070fa00000, 0x000000070fa00000| Untracked 
|  89|0x000000070fb00000, 0x000000070fb00000, 0x000000070fc00000|  0%| F|  |TAMS 0x000000070fb00000, 0x000000070fb00000| Untracked 
|  90|0x000000070fc00000, 0x000000070fc00000, 0x000000070fd00000|  0%| F|  |TAMS 0x000000070fc00000, 0x000000070fc00000| Untracked 
|  91|0x000000070fd00000, 0x000000070fd00000, 0x000000070fe00000|  0%| F|  |TAMS 0x000000070fd00000, 0x000000070fd00000| Untracked 
|  92|0x000000070fe00000, 0x000000070fe00000, 0x000000070ff00000|  0%| F|  |TAMS 0x000000070fe00000, 0x000000070fe00000| Untracked 
|  93|0x000000070ff00000, 0x000000070ff00000, 0x0000000710000000|  0%| F|  |TAMS 0x000000070ff00000, 0x000000070ff00000| Untracked 
|  94|0x0000000710000000, 0x0000000710000000, 0x0000000710100000|  0%| F|  |TAMS 0x0000000710000000, 0x0000000710000000| Untracked 
|  95|0x0000000710100000, 0x0000000710100000, 0x0000000710200000|  0%| F|  |TAMS 0x0000000710100000, 0x0000000710100000| Untracked 
|  96|0x0000000710200000, 0x0000000710200000, 0x0000000710300000|  0%| F|  |TAMS 0x0000000710200000, 0x0000000710200000| Untracked 
|  97|0x0000000710300000, 0x0000000710300000, 0x0000000710400000|  0%| F|  |TAMS 0x0000000710300000, 0x0000000710300000| Untracked 
|  98|0x0000000710400000, 0x0000000710400000, 0x0000000710500000|  0%| F|  |TAMS 0x0000000710400000, 0x0000000710400000| Untracked 
|  99|0x0000000710500000, 0x0000000710500000, 0x0000000710600000|  0%| F|  |TAMS 0x0000000710500000, 0x0000000710500000| Untracked 
| 100|0x0000000710600000, 0x0000000710600000, 0x0000000710700000|  0%| F|  |TAMS 0x0000000710600000, 0x0000000710600000| Untracked 
| 101|0x0000000710700000, 0x0000000710700000, 0x0000000710800000|  0%| F|  |TAMS 0x0000000710700000, 0x0000000710700000| Untracked 
| 102|0x0000000710800000, 0x0000000710800000, 0x0000000710900000|  0%| F|  |TAMS 0x0000000710800000, 0x0000000710800000| Untracked 
| 103|0x0000000710900000, 0x0000000710900000, 0x0000000710a00000|  0%| F|  |TAMS 0x0000000710900000, 0x0000000710900000| Untracked 
| 104|0x0000000710a00000, 0x0000000710a00000, 0x0000000710b00000|  0%| F|  |TAMS 0x0000000710a00000, 0x0000000710a00000| Untracked 
| 105|0x0000000710b00000, 0x0000000710b00000, 0x0000000710c00000|  0%| F|  |TAMS 0x0000000710b00000, 0x0000000710b00000| Untracked 
| 106|0x0000000710c00000, 0x0000000710c00000, 0x0000000710d00000|  0%| F|  |TAMS 0x0000000710c00000, 0x0000000710c00000| Untracked 
| 107|0x0000000710d00000, 0x0000000710d00000, 0x0000000710e00000|  0%| F|  |TAMS 0x0000000710d00000, 0x0000000710d00000| Untracked 
| 108|0x0000000710e00000, 0x0000000710e00000, 0x0000000710f00000|  0%| F|  |TAMS 0x0000000710e00000, 0x0000000710e00000| Untracked 
| 109|0x0000000710f00000, 0x0000000710f00000, 0x0000000711000000|  0%| F|  |TAMS 0x0000000710f00000, 0x0000000710f00000| Untracked 
| 110|0x0000000711000000, 0x0000000711000000, 0x0000000711100000|  0%| F|  |TAMS 0x0000000711000000, 0x0000000711000000| Untracked 
| 111|0x0000000711100000, 0x0000000711100000, 0x0000000711200000|  0%| F|  |TAMS 0x0000000711100000, 0x0000000711100000| Untracked 
| 112|0x0000000711200000, 0x0000000711200000, 0x0000000711300000|  0%| F|  |TAMS 0x0000000711200000, 0x0000000711200000| Untracked 
| 113|0x0000000711300000, 0x0000000711300000, 0x0000000711400000|  0%| F|  |TAMS 0x0000000711300000, 0x0000000711300000| Untracked 
| 114|0x0000000711400000, 0x0000000711400000, 0x0000000711500000|  0%| F|  |TAMS 0x0000000711400000, 0x0000000711400000| Untracked 
| 115|0x0000000711500000, 0x0000000711500000, 0x0000000711600000|  0%| F|  |TAMS 0x0000000711500000, 0x0000000711500000| Untracked 
| 116|0x0000000711600000, 0x0000000711600000, 0x0000000711700000|  0%| F|  |TAMS 0x0000000711600000, 0x0000000711600000| Untracked 
| 117|0x0000000711700000, 0x0000000711700000, 0x0000000711800000|  0%| F|  |TAMS 0x0000000711700000, 0x0000000711700000| Untracked 
| 118|0x0000000711800000, 0x0000000711800000, 0x0000000711900000|  0%| F|  |TAMS 0x0000000711800000, 0x0000000711800000| Untracked 
| 119|0x0000000711900000, 0x0000000711900000, 0x0000000711a00000|  0%| F|  |TAMS 0x0000000711900000, 0x0000000711900000| Untracked 
| 120|0x0000000711a00000, 0x0000000711a00000, 0x0000000711b00000|  0%| F|  |TAMS 0x0000000711a00000, 0x0000000711a00000| Untracked 
| 121|0x0000000711b00000, 0x0000000711b00000, 0x0000000711c00000|  0%| F|  |TAMS 0x0000000711b00000, 0x0000000711b00000| Untracked 
| 122|0x0000000711c00000, 0x0000000711c00000, 0x0000000711d00000|  0%| F|  |TAMS 0x0000000711c00000, 0x0000000711c00000| Untracked 
| 123|0x0000000711d00000, 0x0000000711d00000, 0x0000000711e00000|  0%| F|  |TAMS 0x0000000711d00000, 0x0000000711d00000| Untracked 
| 124|0x0000000711e00000, 0x0000000711e00000, 0x0000000711f00000|  0%| F|  |TAMS 0x0000000711e00000, 0x0000000711e00000| Untracked 
| 125|0x0000000711f00000, 0x0000000711f00000, 0x0000000712000000|  0%| F|  |TAMS 0x0000000711f00000, 0x0000000711f00000| Untracked 
| 126|0x0000000712000000, 0x0000000712000000, 0x0000000712100000|  0%| F|  |TAMS 0x0000000712000000, 0x0000000712000000| Untracked 
| 127|0x0000000712100000, 0x0000000712100000, 0x0000000712200000|  0%| F|  |TAMS 0x0000000712100000, 0x0000000712100000| Untracked 
| 128|0x0000000712200000, 0x0000000712200000, 0x0000000712300000|  0%| F|  |TAMS 0x0000000712200000, 0x0000000712200000| Untracked 
| 129|0x0000000712300000, 0x0000000712300000, 0x0000000712400000|  0%| F|  |TAMS 0x0000000712300000, 0x0000000712300000| Untracked 
| 130|0x0000000712400000, 0x0000000712400000, 0x0000000712500000|  0%| F|  |TAMS 0x0000000712400000, 0x0000000712400000| Untracked 
| 131|0x0000000712500000, 0x0000000712500000, 0x0000000712600000|  0%| F|  |TAMS 0x0000000712500000, 0x0000000712500000| Untracked 
| 132|0x0000000712600000, 0x0000000712600000, 0x0000000712700000|  0%| F|  |TAMS 0x0000000712600000, 0x0000000712600000| Untracked 
| 133|0x0000000712700000, 0x0000000712700000, 0x0000000712800000|  0%| F|  |TAMS 0x0000000712700000, 0x0000000712700000| Untracked 
| 134|0x0000000712800000, 0x0000000712800000, 0x0000000712900000|  0%| F|  |TAMS 0x0000000712800000, 0x0000000712800000| Untracked 
| 135|0x0000000712900000, 0x0000000712900000, 0x0000000712a00000|  0%| F|  |TAMS 0x0000000712900000, 0x0000000712900000| Untracked 
| 136|0x0000000712a00000, 0x0000000712a00000, 0x0000000712b00000|  0%| F|  |TAMS 0x0000000712a00000, 0x0000000712a00000| Untracked 
| 137|0x0000000712b00000, 0x0000000712b00000, 0x0000000712c00000|  0%| F|  |TAMS 0x0000000712b00000, 0x0000000712b00000| Untracked 
| 138|0x0000000712c00000, 0x0000000712c00000, 0x0000000712d00000|  0%| F|  |TAMS 0x0000000712c00000, 0x0000000712c00000| Untracked 
| 139|0x0000000712d00000, 0x0000000712d00000, 0x0000000712e00000|  0%| F|  |TAMS 0x0000000712d00000, 0x0000000712d00000| Untracked 
| 140|0x0000000712e00000, 0x0000000712e00000, 0x0000000712f00000|  0%| F|  |TAMS 0x0000000712e00000, 0x0000000712e00000| Untracked 
| 141|0x0000000712f00000, 0x0000000712f00000, 0x0000000713000000|  0%| F|  |TAMS 0x0000000712f00000, 0x0000000712f00000| Untracked 
| 142|0x0000000713000000, 0x0000000713000000, 0x0000000713100000|  0%| F|  |TAMS 0x0000000713000000, 0x0000000713000000| Untracked 
| 143|0x0000000713100000, 0x0000000713100000, 0x0000000713200000|  0%| F|  |TAMS 0x0000000713100000, 0x0000000713100000| Untracked 
| 144|0x0000000713200000, 0x0000000713200000, 0x0000000713300000|  0%| F|  |TAMS 0x0000000713200000, 0x0000000713200000| Untracked 
| 145|0x0000000713300000, 0x0000000713300000, 0x0000000713400000|  0%| F|  |TAMS 0x0000000713300000, 0x0000000713300000| Untracked 
| 146|0x0000000713400000, 0x0000000713400000, 0x0000000713500000|  0%| F|  |TAMS 0x0000000713400000, 0x0000000713400000| Untracked 
| 147|0x0000000713500000, 0x0000000713500000, 0x0000000713600000|  0%| F|  |TAMS 0x0000000713500000, 0x0000000713500000| Untracked 
| 148|0x0000000713600000, 0x0000000713600000, 0x0000000713700000|  0%| F|  |TAMS 0x0000000713600000, 0x0000000713600000| Untracked 
| 149|0x0000000713700000, 0x0000000713700000, 0x0000000713800000|  0%| F|  |TAMS 0x0000000713700000, 0x0000000713700000| Untracked 
| 150|0x0000000713800000, 0x0000000713800000, 0x0000000713900000|  0%| F|  |TAMS 0x0000000713800000, 0x0000000713800000| Untracked 
| 151|0x0000000713900000, 0x0000000713900000, 0x0000000713a00000|  0%| F|  |TAMS 0x0000000713900000, 0x0000000713900000| Untracked 
| 152|0x0000000713a00000, 0x0000000713a00000, 0x0000000713b00000|  0%| F|  |TAMS 0x0000000713a00000, 0x0000000713a00000| Untracked 
| 153|0x0000000713b00000, 0x0000000713b00000, 0x0000000713c00000|  0%| F|  |TAMS 0x0000000713b00000, 0x0000000713b00000| Untracked 
| 154|0x0000000713c00000, 0x0000000713c00000, 0x0000000713d00000|  0%| F|  |TAMS 0x0000000713c00000, 0x0000000713c00000| Untracked 
| 155|0x0000000713d00000, 0x0000000713d00000, 0x0000000713e00000|  0%| F|  |TAMS 0x0000000713d00000, 0x0000000713d00000| Untracked 
| 156|0x0000000713e00000, 0x0000000713e00000, 0x0000000713f00000|  0%| F|  |TAMS 0x0000000713e00000, 0x0000000713e00000| Untracked 
| 157|0x0000000713f00000, 0x0000000713f00000, 0x0000000714000000|  0%| F|  |TAMS 0x0000000713f00000, 0x0000000713f00000| Untracked 
| 158|0x0000000714000000, 0x0000000714000000, 0x0000000714100000|  0%| F|  |TAMS 0x0000000714000000, 0x0000000714000000| Untracked 
| 159|0x0000000714100000, 0x0000000714100000, 0x0000000714200000|  0%| F|  |TAMS 0x0000000714100000, 0x0000000714100000| Untracked 
| 160|0x0000000714200000, 0x0000000714200000, 0x0000000714300000|  0%| F|  |TAMS 0x0000000714200000, 0x0000000714200000| Untracked 
| 161|0x0000000714300000, 0x0000000714300000, 0x0000000714400000|  0%| F|  |TAMS 0x0000000714300000, 0x0000000714300000| Untracked 
| 162|0x0000000714400000, 0x0000000714400000, 0x0000000714500000|  0%| F|  |TAMS 0x0000000714400000, 0x0000000714400000| Untracked 
| 163|0x0000000714500000, 0x0000000714500000, 0x0000000714600000|  0%| F|  |TAMS 0x0000000714500000, 0x0000000714500000| Untracked 
| 164|0x0000000714600000, 0x0000000714600000, 0x0000000714700000|  0%| F|  |TAMS 0x0000000714600000, 0x0000000714600000| Untracked 
| 165|0x0000000714700000, 0x0000000714700000, 0x0000000714800000|  0%| F|  |TAMS 0x0000000714700000, 0x0000000714700000| Untracked 
| 166|0x0000000714800000, 0x0000000714800000, 0x0000000714900000|  0%| F|  |TAMS 0x0000000714800000, 0x0000000714800000| Untracked 
| 167|0x0000000714900000, 0x0000000714900000, 0x0000000714a00000|  0%| F|  |TAMS 0x0000000714900000, 0x0000000714900000| Untracked 
| 168|0x0000000714a00000, 0x0000000714a00000, 0x0000000714b00000|  0%| F|  |TAMS 0x0000000714a00000, 0x0000000714a00000| Untracked 
| 169|0x0000000714b00000, 0x0000000714b00000, 0x0000000714c00000|  0%| F|  |TAMS 0x0000000714b00000, 0x0000000714b00000| Untracked 
| 170|0x0000000714c00000, 0x0000000714c00000, 0x0000000714d00000|  0%| F|  |TAMS 0x0000000714c00000, 0x0000000714c00000| Untracked 
| 171|0x0000000714d00000, 0x0000000714d00000, 0x0000000714e00000|  0%| F|  |TAMS 0x0000000714d00000, 0x0000000714d00000| Untracked 
| 172|0x0000000714e00000, 0x0000000714e00000, 0x0000000714f00000|  0%| F|  |TAMS 0x0000000714e00000, 0x0000000714e00000| Untracked 
| 173|0x0000000714f00000, 0x0000000714f00000, 0x0000000715000000|  0%| F|  |TAMS 0x0000000714f00000, 0x0000000714f00000| Untracked 
| 174|0x0000000715000000, 0x0000000715000000, 0x0000000715100000|  0%| F|  |TAMS 0x0000000715000000, 0x0000000715000000| Untracked 
| 175|0x0000000715100000, 0x0000000715100000, 0x0000000715200000|  0%| F|  |TAMS 0x0000000715100000, 0x0000000715100000| Untracked 
| 176|0x0000000715200000, 0x0000000715200000, 0x0000000715300000|  0%| F|  |TAMS 0x0000000715200000, 0x0000000715200000| Untracked 
| 177|0x0000000715300000, 0x0000000715300000, 0x0000000715400000|  0%| F|  |TAMS 0x0000000715300000, 0x0000000715300000| Untracked 
| 178|0x0000000715400000, 0x0000000715400000, 0x0000000715500000|  0%| F|  |TAMS 0x0000000715400000, 0x0000000715400000| Untracked 
| 179|0x0000000715500000, 0x0000000715500000, 0x0000000715600000|  0%| F|  |TAMS 0x0000000715500000, 0x0000000715500000| Untracked 
| 180|0x0000000715600000, 0x0000000715600000, 0x0000000715700000|  0%| F|  |TAMS 0x0000000715600000, 0x0000000715600000| Untracked 
| 181|0x0000000715700000, 0x0000000715700000, 0x0000000715800000|  0%| F|  |TAMS 0x0000000715700000, 0x0000000715700000| Untracked 
| 182|0x0000000715800000, 0x0000000715800000, 0x0000000715900000|  0%| F|  |TAMS 0x0000000715800000, 0x0000000715800000| Untracked 
| 183|0x0000000715900000, 0x0000000715900000, 0x0000000715a00000|  0%| F|  |TAMS 0x0000000715900000, 0x0000000715900000| Untracked 
| 184|0x0000000715a00000, 0x0000000715a00000, 0x0000000715b00000|  0%| F|  |TAMS 0x0000000715a00000, 0x0000000715a00000| Untracked 
| 185|0x0000000715b00000, 0x0000000715b00000, 0x0000000715c00000|  0%| F|  |TAMS 0x0000000715b00000, 0x0000000715b00000| Untracked 
| 186|0x0000000715c00000, 0x0000000715c00000, 0x0000000715d00000|  0%| F|  |TAMS 0x0000000715c00000, 0x0000000715c00000| Untracked 
| 187|0x0000000715d00000, 0x0000000715d00000, 0x0000000715e00000|  0%| F|  |TAMS 0x0000000715d00000, 0x0000000715d00000| Untracked 
| 188|0x0000000715e00000, 0x0000000715e00000, 0x0000000715f00000|  0%| F|  |TAMS 0x0000000715e00000, 0x0000000715e00000| Untracked 
| 189|0x0000000715f00000, 0x0000000715f00000, 0x0000000716000000|  0%| F|  |TAMS 0x0000000715f00000, 0x0000000715f00000| Untracked 
| 190|0x0000000716000000, 0x0000000716000000, 0x0000000716100000|  0%| F|  |TAMS 0x0000000716000000, 0x0000000716000000| Untracked 
| 191|0x0000000716100000, 0x0000000716100000, 0x0000000716200000|  0%| F|  |TAMS 0x0000000716100000, 0x0000000716100000| Untracked 
| 192|0x0000000716200000, 0x0000000716200000, 0x0000000716300000|  0%| F|  |TAMS 0x0000000716200000, 0x0000000716200000| Untracked 
| 193|0x0000000716300000, 0x0000000716300000, 0x0000000716400000|  0%| F|  |TAMS 0x0000000716300000, 0x0000000716300000| Untracked 
| 194|0x0000000716400000, 0x0000000716400000, 0x0000000716500000|  0%| F|  |TAMS 0x0000000716400000, 0x0000000716400000| Untracked 
| 195|0x0000000716500000, 0x0000000716500000, 0x0000000716600000|  0%| F|  |TAMS 0x0000000716500000, 0x0000000716500000| Untracked 
| 196|0x0000000716600000, 0x0000000716600000, 0x0000000716700000|  0%| F|  |TAMS 0x0000000716600000, 0x0000000716600000| Untracked 
| 197|0x0000000716700000, 0x0000000716700000, 0x0000000716800000|  0%| F|  |TAMS 0x0000000716700000, 0x0000000716700000| Untracked 
| 198|0x0000000716800000, 0x0000000716800000, 0x0000000716900000|  0%| F|  |TAMS 0x0000000716800000, 0x0000000716800000| Untracked 
| 199|0x0000000716900000, 0x0000000716900000, 0x0000000716a00000|  0%| F|  |TAMS 0x0000000716900000, 0x0000000716900000| Untracked 
| 200|0x0000000716a00000, 0x0000000716a00000, 0x0000000716b00000|  0%| F|  |TAMS 0x0000000716a00000, 0x0000000716a00000| Untracked 
| 201|0x0000000716b00000, 0x0000000716b00000, 0x0000000716c00000|  0%| F|  |TAMS 0x0000000716b00000, 0x0000000716b00000| Untracked 
| 202|0x0000000716c00000, 0x0000000716c00000, 0x0000000716d00000|  0%| F|  |TAMS 0x0000000716c00000, 0x0000000716c00000| Untracked 
| 203|0x0000000716d00000, 0x0000000716d00000, 0x0000000716e00000|  0%| F|  |TAMS 0x0000000716d00000, 0x0000000716d00000| Untracked 
| 204|0x0000000716e00000, 0x0000000716e00000, 0x0000000716f00000|  0%| F|  |TAMS 0x0000000716e00000, 0x0000000716e00000| Untracked 
| 205|0x0000000716f00000, 0x0000000716f00000, 0x0000000717000000|  0%| F|  |TAMS 0x0000000716f00000, 0x0000000716f00000| Untracked 
| 206|0x0000000717000000, 0x0000000717000000, 0x0000000717100000|  0%| F|  |TAMS 0x0000000717000000, 0x0000000717000000| Untracked 
| 207|0x0000000717100000, 0x0000000717100000, 0x0000000717200000|  0%| F|  |TAMS 0x0000000717100000, 0x0000000717100000| Untracked 
| 208|0x0000000717200000, 0x0000000717200000, 0x0000000717300000|  0%| F|  |TAMS 0x0000000717200000, 0x0000000717200000| Untracked 
| 209|0x0000000717300000, 0x0000000717300000, 0x0000000717400000|  0%| F|  |TAMS 0x0000000717300000, 0x0000000717300000| Untracked 
| 210|0x0000000717400000, 0x0000000717400000, 0x0000000717500000|  0%| F|  |TAMS 0x0000000717400000, 0x0000000717400000| Untracked 
| 211|0x0000000717500000, 0x0000000717500000, 0x0000000717600000|  0%| F|  |TAMS 0x0000000717500000, 0x0000000717500000| Untracked 
| 212|0x0000000717600000, 0x0000000717600000, 0x0000000717700000|  0%| F|  |TAMS 0x0000000717600000, 0x0000000717600000| Untracked 
| 213|0x0000000717700000, 0x0000000717700000, 0x0000000717800000|  0%| F|  |TAMS 0x0000000717700000, 0x0000000717700000| Untracked 
| 214|0x0000000717800000, 0x0000000717800000, 0x0000000717900000|  0%| F|  |TAMS 0x0000000717800000, 0x0000000717800000| Untracked 
| 215|0x0000000717900000, 0x0000000717a00000, 0x0000000717a00000|100%| S|CS|TAMS 0x0000000717900000, 0x0000000717900000| Complete 
| 216|0x0000000717a00000, 0x0000000717b00000, 0x0000000717b00000|100%| S|CS|TAMS 0x0000000717a00000, 0x0000000717a00000| Complete 
| 217|0x0000000717b00000, 0x0000000717b00000, 0x0000000717c00000|  0%| F|  |TAMS 0x0000000717b00000, 0x0000000717b00000| Untracked 
| 218|0x0000000717c00000, 0x0000000717c00000, 0x0000000717d00000|  0%| F|  |TAMS 0x0000000717c00000, 0x0000000717c00000| Untracked 
| 219|0x0000000717d00000, 0x0000000717e00000, 0x0000000717e00000|100%| S|CS|TAMS 0x0000000717d00000, 0x0000000717d00000| Complete 
| 220|0x0000000717e00000, 0x0000000717f00000, 0x0000000717f00000|100%| S|CS|TAMS 0x0000000717e00000, 0x0000000717e00000| Complete 
| 221|0x0000000717f00000, 0x0000000717f00000, 0x0000000718000000|  0%| F|  |TAMS 0x0000000717f00000, 0x0000000717f00000| Untracked 
| 222|0x0000000718000000, 0x0000000718000000, 0x0000000718100000|  0%| F|  |TAMS 0x0000000718000000, 0x0000000718000000| Untracked 
| 223|0x0000000718100000, 0x0000000718100000, 0x0000000718200000|  0%| F|  |TAMS 0x0000000718100000, 0x0000000718100000| Untracked 
| 224|0x0000000718200000, 0x0000000718200000, 0x0000000718300000|  0%| F|  |TAMS 0x0000000718200000, 0x0000000718200000| Untracked 
| 225|0x0000000718300000, 0x0000000718300000, 0x0000000718400000|  0%| F|  |TAMS 0x0000000718300000, 0x0000000718300000| Untracked 
| 226|0x0000000718400000, 0x0000000718400000, 0x0000000718500000|  0%| F|  |TAMS 0x0000000718400000, 0x0000000718400000| Untracked 
| 227|0x0000000718500000, 0x0000000718500000, 0x0000000718600000|  0%| F|  |TAMS 0x0000000718500000, 0x0000000718500000| Untracked 
| 228|0x0000000718600000, 0x0000000718700000, 0x0000000718700000|100%| E|  |TAMS 0x0000000718600000, 0x0000000718600000| Complete 
| 229|0x0000000718700000, 0x0000000718800000, 0x0000000718800000|100%| E|CS|TAMS 0x0000000718700000, 0x0000000718700000| Complete 
| 230|0x0000000718800000, 0x0000000718900000, 0x0000000718900000|100%| E|CS|TAMS 0x0000000718800000, 0x0000000718800000| Complete 
| 231|0x0000000718900000, 0x0000000718a00000, 0x0000000718a00000|100%| E|CS|TAMS 0x0000000718900000, 0x0000000718900000| Complete 
| 232|0x0000000718a00000, 0x0000000718b00000, 0x0000000718b00000|100%| E|CS|TAMS 0x0000000718a00000, 0x0000000718a00000| Complete 
| 233|0x0000000718b00000, 0x0000000718c00000, 0x0000000718c00000|100%| E|CS|TAMS 0x0000000718b00000, 0x0000000718b00000| Complete 
| 234|0x0000000718c00000, 0x0000000718d00000, 0x0000000718d00000|100%| E|CS|TAMS 0x0000000718c00000, 0x0000000718c00000| Complete 
| 235|0x0000000718d00000, 0x0000000718e00000, 0x0000000718e00000|100%| E|CS|TAMS 0x0000000718d00000, 0x0000000718d00000| Complete 
| 236|0x0000000718e00000, 0x0000000718f00000, 0x0000000718f00000|100%| E|CS|TAMS 0x0000000718e00000, 0x0000000718e00000| Complete 
| 237|0x0000000718f00000, 0x0000000719000000, 0x0000000719000000|100%| E|CS|TAMS 0x0000000718f00000, 0x0000000718f00000| Complete 
| 238|0x0000000719000000, 0x0000000719100000, 0x0000000719100000|100%| E|CS|TAMS 0x0000000719000000, 0x0000000719000000| Complete 
| 239|0x0000000719100000, 0x0000000719200000, 0x0000000719200000|100%| E|CS|TAMS 0x0000000719100000, 0x0000000719100000| Complete 
| 240|0x0000000719200000, 0x0000000719300000, 0x0000000719300000|100%| E|CS|TAMS 0x0000000719200000, 0x0000000719200000| Complete 
| 241|0x0000000719300000, 0x0000000719400000, 0x0000000719400000|100%| E|CS|TAMS 0x0000000719300000, 0x0000000719300000| Complete 
| 242|0x0000000719400000, 0x0000000719500000, 0x0000000719500000|100%| E|CS|TAMS 0x0000000719400000, 0x0000000719400000| Complete 
| 243|0x0000000719500000, 0x0000000719600000, 0x0000000719600000|100%| E|CS|TAMS 0x0000000719500000, 0x0000000719500000| Complete 
| 244|0x0000000719600000, 0x0000000719700000, 0x0000000719700000|100%| E|CS|TAMS 0x0000000719600000, 0x0000000719600000| Complete 
| 245|0x0000000719700000, 0x0000000719800000, 0x0000000719800000|100%| E|CS|TAMS 0x0000000719700000, 0x0000000719700000| Complete 

Card table byte_map: [0x0000020928460000,0x0000020928c10000] _byte_map_base: 0x0000020924c0f000

Marking Bits (Prev, Next): (CMBitMap*) 0x0000020910e4e440, (CMBitMap*) 0x0000020910e4e408
 Prev Bits: [0x000002092d140000, 0x0000020930eb8000)
 Next Bits: [0x00000209293c0000, 0x000002092d138000)

Polling page: 0x000002090edb0000

Metaspace:

Usage:
  Non-class:     25.74 MB capacity,    25.06 MB ( 97%) used,   563.26 KB (  2%) free+waste,   131.06 KB ( <1%) overhead. 
      Class:      4.25 MB capacity,     3.75 MB ( 88%) used,   443.77 KB ( 10%) free+waste,    69.31 KB (  2%) overhead. 
       Both:     30.00 MB capacity,    28.82 MB ( 96%) used,  1007.03 KB (  3%) free+waste,   200.38 KB ( <1%) overhead. 

Virtual space:
  Non-class space:       26.00 MB reserved,      25.75 MB (>99%) committed 
      Class space:        1.00 GB reserved,       4.38 MB ( <1%) committed 
             Both:        1.03 GB reserved,      30.13 MB (  3%) committed 

Chunk freelists:
   Non-Class:  1.25 KB
       Class:  0 bytes
        Both:  1.25 KB

CodeHeap 'non-profiled nmethods': size=119168Kb used=1144Kb max_used=1144Kb free=118023Kb
 bounds [0x000002091ffc0000, 0x0000020920230000, 0x0000020927420000]
CodeHeap 'profiled nmethods': size=119168Kb used=5992Kb max_used=5992Kb free=113175Kb
 bounds [0x0000020918b60000, 0x0000020919140000, 0x000002091ffc0000]
CodeHeap 'non-nmethods': size=7424Kb used=3032Kb max_used=3087Kb free=4391Kb
 bounds [0x0000020918420000, 0x0000020918730000, 0x0000020918b60000]
 total_blobs=3568 nmethods=2802 adapters=674
 compilation: enabled
              stopped_count=0, restarted_count=0
 full_count=0

Compilation events (10 events):
Event: 1.418 Thread 0x0000020934a7c800 2661       3       javafx.scene.Node::updateTreeVisible (109 bytes)
Event: 1.418 Thread 0x0000020934929800 nmethod 2660 0x00000209190d0190 code [0x00000209190d0360, 0x00000209190d08f8]
Event: 1.418 Thread 0x0000020935a23800 2662       3       javafx.scene.Node::setTreeVisible (108 bytes)
Event: 1.418 Thread 0x0000020934aed000 2663       4       com.sun.javafx.css.BitSet::addAll (338 bytes)
Event: 1.419 Thread 0x0000020934929800 2664       1       javafx.scene.layout.Region::access$3300 (5 bytes)
Event: 1.419 Thread 0x0000020934929800 nmethod 2664 0x00000209200d4290 code [0x00000209200d4420, 0x00000209200d44b8]
Event: 1.419 Thread 0x000002093da6b800 nmethod 2652 0x00000209200d4590 code [0x00000209200d4740, 0x00000209200d5088]
Event: 1.420 Thread 0x0000020934a7c800 nmethod 2661 0x00000209190d0b10 code [0x00000209190d0f20, 0x00000209190d3728]
Event: 1.420 Thread 0x0000020935a23800 nmethod 2662 0x00000209190d4210 code [0x00000209190d46a0, 0x00000209190d7508]
Event: 1.420 Thread 0x0000020935a81000 2665       3       javafx.beans.property.BooleanPropertyBase::<init> (25 bytes)

GC Heap History (6 events):
Event: 0.577 GC heap before
{Heap before GC invocations=0 (full 0):
 garbage-first heap   total 251904K, used 23552K [0x000000070a200000, 0x0000000800000000)
  region size 1024K, 24 young (24576K), 0 survivors (0K)
 Metaspace       used 14227K, capacity 14524K, committed 14592K, reserved 1062912K
  class space    used 1383K, capacity 1518K, committed 1536K, reserved 1048576K
}
Event: 0.580 GC heap after
{Heap after GC invocations=1 (full 0):
 garbage-first heap   total 251904K, used 5186K [0x000000070a200000, 0x0000000800000000)
  region size 1024K, 3 young (3072K), 3 survivors (3072K)
 Metaspace       used 14227K, capacity 14524K, committed 14592K, reserved 1062912K
  class space    used 1383K, capacity 1518K, committed 1536K, reserved 1048576K
}
Event: 0.837 GC heap before
{Heap before GC invocations=1 (full 0):
 garbage-first heap   total 251904K, used 25666K [0x000000070a200000, 0x0000000800000000)
  region size 1024K, 24 young (24576K), 3 survivors (3072K)
 Metaspace       used 20615K, capacity 21147K, committed 21248K, reserved 1069056K
  class space    used 2251K, capacity 2488K, committed 2560K, reserved 1048576K
}
Event: 0.840 GC heap after
{Heap after GC invocations=2 (full 0):
 garbage-first heap   total 251904K, used 6886K [0x000000070a200000, 0x0000000800000000)
  region size 1024K, 5 young (5120K), 5 survivors (5120K)
 Metaspace       used 20615K, capacity 21147K, committed 21248K, reserved 1069056K
  class space    used 2251K, capacity 2488K, committed 2560K, reserved 1048576K
}
Event: 1.183 GC heap before
{Heap before GC invocations=3 (full 0):
 garbage-first heap   total 251904K, used 29414K [0x000000070a200000, 0x0000000800000000)
  region size 1024K, 27 young (27648K), 5 survivors (5120K)
 Metaspace       used 25642K, capacity 26455K, committed 26624K, reserved 1073152K
  class space    used 3129K, capacity 3470K, committed 3584K, reserved 1048576K
}
Event: 1.186 GC heap after
{Heap after GC invocations=4 (full 0):
 garbage-first heap   total 251904K, used 9992K [0x000000070a200000, 0x0000000800000000)
  region size 1024K, 4 young (4096K), 4 survivors (4096K)
 Metaspace       used 25642K, capacity 26455K, committed 26624K, reserved 1073152K
  class space    used 3129K, capacity 3470K, committed 3584K, reserved 1048576K
}

Deoptimization events (10 events):
Event: 1.094 Thread 0x0000020935518000 Uncommon trap: reason=class_check action=maybe_recompile pc=0x000002091ffdcee8 method=java.lang.String.equals(Ljava/lang/Object;)Z @ 8 c2
Event: 1.095 Thread 0x0000020935518000 Uncommon trap: reason=class_check action=maybe_recompile pc=0x000002091ffdcee8 method=java.lang.String.equals(Ljava/lang/Object;)Z @ 8 c2
Event: 1.130 Thread 0x0000020935518000 Uncommon trap: reason=profile_predicate action=maybe_recompile pc=0x000002092007b770 method=java.lang.PublicMethods$MethodList.filter([Ljava/lang/reflect/Method;Ljava/lang/String;[Ljava/lang/Class;Z)Ljava/lang/PublicMethods$MethodList; @ 21 c2
Event: 1.199 Thread 0x0000020935518000 Uncommon trap: reason=profile_predicate action=maybe_recompile pc=0x000002092007b770 method=java.lang.PublicMethods$MethodList.filter([Ljava/lang/reflect/Method;Ljava/lang/String;[Ljava/lang/Class;Z)Ljava/lang/PublicMethods$MethodList; @ 21 c2
Event: 1.199 Thread 0x0000020935518000 Uncommon trap: reason=profile_predicate action=maybe_recompile pc=0x000002092007b770 method=java.lang.PublicMethods$MethodList.filter([Ljava/lang/reflect/Method;Ljava/lang/String;[Ljava/lang/Class;Z)Ljava/lang/PublicMethods$MethodList; @ 21 c2
Event: 1.278 Thread 0x0000020935518000 Uncommon trap: reason=unstable_if action=reinterpret pc=0x00000209200533d0 method=java.net.URL.<init>(Ljava/net/URL;Ljava/lang/String;Ljava/net/URLStreamHandler;)V @ 347 c2
Event: 1.293 Thread 0x0000020935518000 Uncommon trap: reason=unstable_if action=reinterpret pc=0x000002092006de6c method=java.lang.ClassLoader.checkName(Ljava/lang/String;)Z @ 20 c2
Event: 1.319 Thread 0x0000020935518000 Uncommon trap: reason=unstable_if action=reinterpret pc=0x000002092008c518 method=java.lang.StringLatin1.regionMatchesCI([BI[BII)Z @ 66 c2
Event: 1.362 Thread 0x0000020935518000 Uncommon trap: reason=profile_predicate action=maybe_recompile pc=0x000002092007b770 method=java.lang.PublicMethods$MethodList.filter([Ljava/lang/reflect/Method;Ljava/lang/String;[Ljava/lang/Class;Z)Ljava/lang/PublicMethods$MethodList; @ 21 c2
Event: 1.418 Thread 0x0000020935518000 Uncommon trap: reason=unstable_if action=reinterpret pc=0x00000209200c4390 method=com.sun.javafx.css.BitSet.add(Ljava/lang/Object;)Z @ 91 c2

Classes redefined (0 events):
No events

Internal exceptions (10 events):
Event: 0.829 Thread 0x0000020935518000 Exception <a 'java/lang/NullPointerException'{0x00000007184e4560}> (0x00000007184e4560) thrown at [./open/src/hotspot/share/prims/jvm.cpp, line 1309]
Event: 0.831 Thread 0x0000020935518000 Exception <a 'java/lang/NoSuchMethodError'{0x0000000718305458}: java.lang.invoke.DirectMethodHandle$Holder.invokeSpecial(Ljava/lang/Object;Ljava/lang/Object;Ljava/lang/Object;Ljava/lang/Object;Ljava/lang/Object;)V> (0x0000000718305458) thrown at [./open/s
Event: 0.897 Thread 0x0000020935518000 Exception <a 'java/lang/NoSuchMethodError'{0x0000000719123938}: java.lang.invoke.DirectMethodHandle$Holder.invokeStaticInit(Ljava/lang/Object;Ljava/lang/Object;)V> (0x0000000719123938) thrown at [./open/src/hotspot/share/interpreter/linkResolver.cpp, line
Event: 0.984 Thread 0x0000020935518000 Exception <a 'java/io/FileNotFoundException'{0x0000000718b0ec80}> (0x0000000718b0ec80) thrown at [./open/src/hotspot/share/prims/jni.cpp, line 611]
Event: 1.067 Thread 0x0000020935518000 Exception <a 'java/io/FileNotFoundException'{0x00000007188362b0}> (0x00000007188362b0) thrown at [./open/src/hotspot/share/prims/jni.cpp, line 611]
Event: 1.090 Thread 0x0000020935518000 Exception <a 'java/io/FileNotFoundException'{0x000000071876bfe0}> (0x000000071876bfe0) thrown at [./open/src/hotspot/share/prims/jni.cpp, line 611]
Event: 1.100 Thread 0x0000020935518000 Exception <a 'java/lang/NoSuchMethodError'{0x00000007187ed828}: java.lang.invoke.DirectMethodHandle$Holder.invokeSpecial(Ljava/lang/Object;Ljava/lang/Object;Ljava/lang/Object;Ljava/lang/Object;)V> (0x00000007187ed828) thrown at [./open/src/hotspot/share/i
Event: 1.148 Thread 0x0000020935518000 Exception <a 'java/lang/NoSuchMethodError'{0x00000007183379e8}: java.lang.invoke.DirectMethodHandle$Holder.invokeInterface(Ljava/lang/Object;Ljava/lang/Object;Ljava/lang/Object;)Ljava/lang/Object;> (0x00000007183379e8) thrown at [./open/src/hotspot/share/
Event: 1.148 Thread 0x0000020935518000 Exception <a 'java/lang/IncompatibleClassChangeError'{0x000000071833ac18}: Found class java.lang.Object, but interface was expected> (0x000000071833ac18) thrown at [./open/src/hotspot/share/interpreter/linkResolver.cpp, line 838]
Event: 1.173 Thread 0x0000020935518000 Exception <a 'java/lang/NoSuchMethodError'{0x0000000717f8ccf0}: java.lang.invoke.Invokers$Holder.linkToTargetMethod(Ljava/lang/Object;ILjava/lang/Object;)Ljava/lang/Object;> (0x0000000717f8ccf0) thrown at [./open/src/hotspot/share/interpreter/linkResolver

Events (10 events):
Event: 1.419 loading class javafx/scene/control/skin/ListCellSkin
Event: 1.419 loading class javafx/scene/control/skin/ListCellSkin done
Event: 1.419 loading class javafx/scene/control/skin/CellSkinBase
Event: 1.419 loading class javafx/scene/control/skin/CellSkinBase done
Event: 1.419 loading class javafx/scene/control/skin/CellSkinBase$1
Event: 1.419 loading class javafx/scene/control/skin/CellSkinBase$1 done
Event: 1.419 loading class com/sun/javafx/scene/control/behavior/ListCellBehavior
Event: 1.419 loading class com/sun/javafx/scene/control/behavior/ListCellBehavior done
Event: 1.420 loading class com/sun/javafx/scene/control/behavior/CellBehaviorBase
Event: 1.420 loading class com/sun/javafx/scene/control/behavior/CellBehaviorBase done


Dynamic libraries:
0x00007ff70d030000 - 0x00007ff70d03f000 	C:\Program Files\Java\jdk-11.0.13\bin\java.exe
0x00007ffe30ac0000 - 0x00007ffe30cc9000 	C:\Windows\SYSTEM32\ntdll.dll
0x00007ffe30820000 - 0x00007ffe308dd000 	C:\Windows\System32\KERNEL32.DLL
0x00007ffe2e180000 - 0x00007ffe2e4f4000 	C:\Windows\System32\KERNELBASE.dll
0x00007ffe2e6d0000 - 0x00007ffe2e7e1000 	C:\Windows\System32\ucrtbase.dll
0x00007ffe1b710000 - 0x00007ffe1b725000 	C:\Program Files\Java\jdk-11.0.13\bin\VCRUNTIME140.dll
0x00007ffe16c60000 - 0x00007ffe16c78000 	C:\Program Files\Java\jdk-11.0.13\bin\jli.dll
0x00007ffe2fb80000 - 0x00007ffe2fc2e000 	C:\Windows\System32\ADVAPI32.dll
0x00007ffe2fc30000 - 0x00007ffe2fcd3000 	C:\Windows\System32\msvcrt.dll
0x00007ffe2f9c0000 - 0x00007ffe2fa5e000 	C:\Windows\System32\sechost.dll
0x00007ffe306a0000 - 0x00007ffe307c0000 	C:\Windows\System32\RPCRT4.dll
0x00007ffe2e960000 - 0x00007ffe2eb0c000 	C:\Windows\System32\USER32.dll
0x00007ffe1fd10000 - 0x00007ffe1ffb5000 	C:\Windows\WinSxS\amd64_microsoft.windows.common-controls_6595b64144ccf1df_6.0.22000.120_none_9d947278b86cc467\COMCTL32.dll
0x00007ffe2e500000 - 0x00007ffe2e526000 	C:\Windows\System32\win32u.dll
0x00007ffe2f010000 - 0x00007ffe2f039000 	C:\Windows\System32\GDI32.dll
0x00007ffe2e530000 - 0x00007ffe2e642000 	C:\Windows\System32\gdi32full.dll
0x00007ffe2e070000 - 0x00007ffe2e10d000 	C:\Windows\System32\msvcp_win.dll
0x00007ffe249e0000 - 0x00007ffe249ea000 	C:\Windows\SYSTEM32\VERSION.dll
0x00007ffe2fe80000 - 0x00007ffe2feb1000 	C:\Windows\System32\IMM32.DLL
0x00007ffd77390000 - 0x00007ffd7742b000 	C:\Program Files\Java\jdk-11.0.13\bin\msvcp140.dll
0x00007ffd614e0000 - 0x00007ffd61ff3000 	C:\Program Files\Java\jdk-11.0.13\bin\server\jvm.dll
0x00007ffe2fa90000 - 0x00007ffe2fa98000 	C:\Windows\System32\PSAPI.DLL
0x00007ffe10da0000 - 0x00007ffe10da9000 	C:\Windows\SYSTEM32\WSOCK32.dll
0x00007ffe26400000 - 0x00007ffe26433000 	C:\Windows\SYSTEM32\WINMM.dll
0x00007ffe304b0000 - 0x00007ffe3051f000 	C:\Windows\System32\WS2_32.dll
0x00007ffe2d1a0000 - 0x00007ffe2d1b8000 	C:\Windows\SYSTEM32\kernel.appcore.dll
0x00007ffe16c50000 - 0x00007ffe16c60000 	C:\Program Files\Java\jdk-11.0.13\bin\verify.dll
0x00007ffe2b8a0000 - 0x00007ffe2bac1000 	C:\Windows\SYSTEM32\DBGHELP.DLL
0x00007ffe114d0000 - 0x00007ffe11501000 	C:\Windows\SYSTEM32\dbgcore.DLL
0x00007ffe2e650000 - 0x00007ffe2e6cf000 	C:\Windows\System32\bcryptPrimitives.dll
0x00007ffd79c30000 - 0x00007ffd79c58000 	C:\Program Files\Java\jdk-11.0.13\bin\java.dll
0x00007ffe16c40000 - 0x00007ffe16c4a000 	C:\Program Files\Java\jdk-11.0.13\bin\jimage.dll
0x00007ffd8cd20000 - 0x00007ffd8cd36000 	C:\Program Files\Java\jdk-11.0.13\bin\zip.dll
0x00007ffe2f200000 - 0x00007ffe2f9ae000 	C:\Windows\System32\SHELL32.dll
0x00007ffe2bfd0000 - 0x00007ffe2c838000 	C:\Windows\SYSTEM32\windows.storage.dll
0x00007ffe2ec90000 - 0x00007ffe2f008000 	C:\Windows\System32\combase.dll
0x00007ffe2be60000 - 0x00007ffe2bfc6000 	C:\Windows\SYSTEM32\wintypes.dll
0x00007ffe30520000 - 0x00007ffe3060a000 	C:\Windows\System32\SHCORE.dll
0x00007ffe30450000 - 0x00007ffe304ad000 	C:\Windows\System32\shlwapi.dll
0x00007ffe2dee0000 - 0x00007ffe2df01000 	C:\Windows\SYSTEM32\profapi.dll
0x00007ffd8afe0000 - 0x00007ffd8aff9000 	C:\Program Files\Java\jdk-11.0.13\bin\net.dll
0x00007ffe25bf0000 - 0x00007ffe25cfc000 	C:\Windows\SYSTEM32\WINHTTP.dll
0x00007ffe2d5d0000 - 0x00007ffe2d637000 	C:\Windows\system32\mswsock.dll
0x00007ffd87060000 - 0x00007ffd87072000 	C:\Program Files\Java\jdk-11.0.13\bin\nio.dll
0x0000020910d00000 - 0x0000020910d03000 	C:\Program Files\Java\jdk-11.0.13\bin\api-ms-win-core-console-l1-1-0.dll
0x0000020910d10000 - 0x0000020910d13000 	C:\Program Files\Java\jdk-11.0.13\bin\api-ms-win-core-datetime-l1-1-0.dll
0x0000020910d20000 - 0x0000020910d23000 	C:\Program Files\Java\jdk-11.0.13\bin\api-ms-win-core-debug-l1-1-0.dll
0x0000020910d30000 - 0x0000020910d33000 	C:\Program Files\Java\jdk-11.0.13\bin\api-ms-win-core-errorhandling-l1-1-0.dll
0x0000020910d40000 - 0x0000020910d44000 	C:\Program Files\Java\jdk-11.0.13\bin\api-ms-win-core-file-l1-1-0.dll
0x0000020910d50000 - 0x0000020910d53000 	C:\Program Files\Java\jdk-11.0.13\bin\api-ms-win-core-file-l1-2-0.dll
0x0000020910d60000 - 0x0000020910d63000 	C:\Program Files\Java\jdk-11.0.13\bin\api-ms-win-core-file-l2-1-0.dll
0x0000020910d70000 - 0x0000020910d73000 	C:\Program Files\Java\jdk-11.0.13\bin\api-ms-win-core-handle-l1-1-0.dll
0x0000020910d80000 - 0x0000020910d83000 	C:\Program Files\Java\jdk-11.0.13\bin\api-ms-win-core-heap-l1-1-0.dll
0x0000020910d90000 - 0x0000020910d93000 	C:\Program Files\Java\jdk-11.0.13\bin\api-ms-win-core-interlocked-l1-1-0.dll
0x0000020910da0000 - 0x0000020910da3000 	C:\Program Files\Java\jdk-11.0.13\bin\api-ms-win-core-libraryloader-l1-1-0.dll
0x0000020910db0000 - 0x0000020910db3000 	C:\Program Files\Java\jdk-11.0.13\bin\api-ms-win-core-localization-l1-2-0.dll
0x0000020910dc0000 - 0x0000020910dc3000 	C:\Program Files\Java\jdk-11.0.13\bin\api-ms-win-core-memory-l1-1-0.dll
0x0000020936500000 - 0x0000020936503000 	C:\Program Files\Java\jdk-11.0.13\bin\api-ms-win-core-namedpipe-l1-1-0.dll
0x0000020936510000 - 0x0000020936513000 	C:\Program Files\Java\jdk-11.0.13\bin\api-ms-win-core-processenvironment-l1-1-0.dll
0x0000020936520000 - 0x0000020936523000 	C:\Program Files\Java\jdk-11.0.13\bin\api-ms-win-core-processthreads-l1-1-0.dll
0x0000020936530000 - 0x0000020936533000 	C:\Program Files\Java\jdk-11.0.13\bin\api-ms-win-core-processthreads-l1-1-1.dll
0x0000020936540000 - 0x0000020936543000 	C:\Program Files\Java\jdk-11.0.13\bin\api-ms-win-core-profile-l1-1-0.dll
0x0000020936550000 - 0x0000020936553000 	C:\Program Files\Java\jdk-11.0.13\bin\api-ms-win-core-rtlsupport-l1-1-0.dll
0x0000020936560000 - 0x0000020936563000 	C:\Program Files\Java\jdk-11.0.13\bin\api-ms-win-core-string-l1-1-0.dll
0x0000020936570000 - 0x0000020936573000 	C:\Program Files\Java\jdk-11.0.13\bin\api-ms-win-core-synch-l1-1-0.dll
0x0000020936580000 - 0x0000020936583000 	C:\Program Files\Java\jdk-11.0.13\bin\api-ms-win-core-synch-l1-2-0.dll
0x0000020936590000 - 0x0000020936593000 	C:\Program Files\Java\jdk-11.0.13\bin\api-ms-win-core-sysinfo-l1-1-0.dll
0x00000209365a0000 - 0x00000209365a3000 	C:\Program Files\Java\jdk-11.0.13\bin\api-ms-win-core-timezone-l1-1-0.dll
0x00000209365b0000 - 0x00000209365b3000 	C:\Program Files\Java\jdk-11.0.13\bin\api-ms-win-core-util-l1-1-0.dll
0x00000209365c0000 - 0x00000209365c3000 	C:\Program Files\Java\jdk-11.0.13\bin\api-ms-win-crt-conio-l1-1-0.dll
0x00000209365d0000 - 0x00000209365d4000 	C:\Program Files\Java\jdk-11.0.13\bin\api-ms-win-crt-convert-l1-1-0.dll
0x00000209365e0000 - 0x00000209365e3000 	C:\Program Files\Java\jdk-11.0.13\bin\api-ms-win-crt-environment-l1-1-0.dll
0x00000209365f0000 - 0x00000209365f3000 	C:\Program Files\Java\jdk-11.0.13\bin\api-ms-win-crt-filesystem-l1-1-0.dll
0x0000020936600000 - 0x0000020936603000 	C:\Program Files\Java\jdk-11.0.13\bin\api-ms-win-crt-heap-l1-1-0.dll
0x0000020936610000 - 0x0000020936613000 	C:\Program Files\Java\jdk-11.0.13\bin\api-ms-win-crt-locale-l1-1-0.dll
0x0000020936620000 - 0x0000020936625000 	C:\Program Files\Java\jdk-11.0.13\bin\api-ms-win-crt-math-l1-1-0.dll
0x0000020936630000 - 0x0000020936635000 	C:\Program Files\Java\jdk-11.0.13\bin\api-ms-win-crt-multibyte-l1-1-0.dll
0x0000020936640000 - 0x0000020936650000 	C:\Program Files\Java\jdk-11.0.13\bin\api-ms-win-crt-private-l1-1-0.dll
0x0000020936650000 - 0x0000020936653000 	C:\Program Files\Java\jdk-11.0.13\bin\api-ms-win-crt-process-l1-1-0.dll
0x0000020936660000 - 0x0000020936664000 	C:\Program Files\Java\jdk-11.0.13\bin\api-ms-win-crt-runtime-l1-1-0.dll
0x0000020936670000 - 0x0000020936674000 	C:\Program Files\Java\jdk-11.0.13\bin\api-ms-win-crt-stdio-l1-1-0.dll
0x0000020936680000 - 0x0000020936684000 	C:\Program Files\Java\jdk-11.0.13\bin\api-ms-win-crt-string-l1-1-0.dll
0x0000020936690000 - 0x0000020936693000 	C:\Program Files\Java\jdk-11.0.13\bin\api-ms-win-crt-time-l1-1-0.dll
0x00000209366a0000 - 0x00000209366a3000 	C:\Program Files\Java\jdk-11.0.13\bin\api-ms-win-crt-utility-l1-1-0.dll
0x00007ffe02580000 - 0x00007ffe0267a000 	C:\Program Files\Java\jdk-11.0.13\bin\ucrtbase.dll
0x00007ffe21130000 - 0x00007ffe2117e000 	C:\Windows\System32\concrt140.dll
0x00007ffe13490000 - 0x00007ffe1349c000 	C:\Windows\SYSTEM32\VCRUNTIME140_1.dll
0x00007ffe296e0000 - 0x00007ffe29703000 	C:\Users\Weiye\.openjfx\cache\11\prism_d3d.dll
0x00007ffe240e0000 - 0x00007ffe24286000 	C:\Windows\system32\d3d9.dll
0x00007ffe2b580000 - 0x00007ffe2b5af000 	C:\Windows\SYSTEM32\dwmapi.dll
0x00007ffe2b3c0000 - 0x00007ffe2b3f8000 	C:\Windows\SYSTEM32\dxcore.dll
0x00007ffe2aef0000 - 0x00007ffe2af9c000 	C:\Windows\system32\uxtheme.dll
0x00007ffe24840000 - 0x00007ffe24946000 	C:\Windows\System32\DriverStore\FileRepository\nvlt.inf_amd64_6e978b1ba87faf07\nvldumdx.dll
0x00007ffe2d870000 - 0x00007ffe2d882000 	C:\Windows\SYSTEM32\msasn1.dll
0x00007ffe249a0000 - 0x00007ffe249d1000 	C:\Windows\SYSTEM32\cryptnet.dll
0x00007ffe2e7f0000 - 0x00007ffe2e952000 	C:\Windows\System32\CRYPT32.dll
0x00007ffe24690000 - 0x00007ffe247d9000 	C:\Windows\SYSTEM32\drvstore.dll
0x00007ffe2dc80000 - 0x00007ffe2dcac000 	C:\Windows\SYSTEM32\devobj.dll
0x00007ffe2dcb0000 - 0x00007ffe2dcfc000 	C:\Windows\SYSTEM32\cfgmgr32.dll
0x00007ffe2d8e0000 - 0x00007ffe2d91d000 	C:\Windows\SYSTEM32\wldp.dll
0x00007ffe2d830000 - 0x00007ffe2d83c000 	C:\Windows\SYSTEM32\cryptbase.dll
0x00007ffe2e110000 - 0x00007ffe2e177000 	C:\Windows\System32\WINTRUST.DLL
0x00007ffe2fa60000 - 0x00007ffe2fa7f000 	C:\Windows\System32\imagehlp.dll
0x00007ffe2d810000 - 0x00007ffe2d828000 	C:\Windows\SYSTEM32\CRYPTSP.dll
0x00007ffe2d100000 - 0x00007ffe2d135000 	C:\Windows\system32\rsaenh.dll
0x00007ffe2d990000 - 0x00007ffe2d9b7000 	C:\Windows\SYSTEM32\bcrypt.dll
0x00007ffdcd0b0000 - 0x00007ffdce961000 	C:\Windows\System32\DriverStore\FileRepository\nvlt.inf_amd64_6e978b1ba87faf07\nvd3dumx.dll
0x00007ffe29400000 - 0x00007ffe29444000 	C:\Windows\SYSTEM32\directxdatabasehelper.dll
0x00007ffe2b440000 - 0x00007ffe2b474000 	C:\Windows\SYSTEM32\ntmarta.dll
0x00007ffe221c0000 - 0x00007ffe2239b000 	C:\Windows\System32\DriverStore\FileRepository\u0371396.inf_amd64_bd33f7fcb5e69601\B371196\aticfx64.dll
0x00007ffde96a0000 - 0x00007ffde96d3000 	C:\Windows\System32\DriverStore\FileRepository\u0371396.inf_amd64_bd33f7fcb5e69601\B371196\atiu9p64.dll
0x00007ffdc5f10000 - 0x00007ffdc6c31000 	C:\Windows\System32\DriverStore\FileRepository\u0371396.inf_amd64_bd33f7fcb5e69601\B371196\atiumd64.dll
0x00007ffe308e0000 - 0x00007ffe30a7a000 	C:\Windows\System32\ole32.dll
0x000000005e2b0000 - 0x000000005f173000 	C:\Windows\System32\DriverStore\FileRepository\u0371396.inf_amd64_bd33f7fcb5e69601\B371196\atiumd6a.dll
0x00007ffe2c9b0000 - 0x00007ffe2c9fd000 	C:\Windows\SYSTEM32\POWRPROF.dll
0x00007ffe2caa0000 - 0x00007ffe2cab3000 	C:\Windows\SYSTEM32\UMPDC.dll
0x00007ffe23b30000 - 0x00007ffe23b60000 	C:\Windows\SYSTEM32\amdihk64.dll
0x00007ffe02530000 - 0x00007ffe02575000 	C:\Users\Weiye\.openjfx\cache\11\glass.dll
0x00007ffe2eba0000 - 0x00007ffe2ec8c000 	C:\Windows\System32\COMDLG32.dll
0x00007ffe2faa0000 - 0x00007ffe2fb76000 	C:\Windows\System32\OLEAUT32.dll
0x00007ffde9810000 - 0x00007ffde9941000 	C:\ProgramData\A-Volute\A-Volute.Nahimic\Modules\Scheduled\x64\AudioDevProps2.dll
0x00007ffe30330000 - 0x00007ffe3044e000 	C:\Windows\System32\MSCTF.dll
0x00007ffdf39f0000 - 0x00007ffdf3cb3000 	C:\Windows\system32\nvspcap64.dll
0x00007ffe2d660000 - 0x00007ffe2d684000 	C:\Windows\SYSTEM32\gpapi.dll
0x00007ffe2ac40000 - 0x00007ffe2ac54000 	C:\Users\Weiye\.openjfx\cache\11\javafx_font.dll
0x00007ffdfb820000 - 0x00007ffdfba7f000 	C:\Windows\SYSTEM32\dwrite.dll
0x00007ffe2fd70000 - 0x00007ffe2fe1f000 	C:\Windows\System32\clbcatq.dll
0x00007ffe26eb0000 - 0x00007ffe2705e000 	C:\Windows\SYSTEM32\WindowsCodecs.dll

dbghelp: loaded successfully - version: 4.0.5 - missing functions: none
symbol engine: initialized successfully - sym options: 0x614 - pdb path: .;C:\Program Files\Java\jdk-11.0.13\bin;C:\Windows\SYSTEM32;C:\Windows\WinSxS\amd64_microsoft.windows.common-controls_6595b64144ccf1df_6.0.22000.120_none_9d947278b86cc467;C:\Program Files\Java\jdk-11.0.13\bin\server;C:\Users\Weiye\.openjfx\cache\11;C:\Windows\System32\DriverStore\FileRepository\nvlt.inf_amd64_6e978b1ba87faf07;C:\Windows\System32\DriverStore\FileRepository\u0371396.inf_amd64_bd33f7fcb5e69601\B371196;C:\ProgramData\A-Volute\A-Volute.Nahimic\Modules\Scheduled\x64;C:\Program Files\Common Files\Microsoft Shared\Ink

VM Arguments:
jvm_args: -Dfile.encoding=UTF-8 -Duser.country=SG -Duser.language=en -Duser.variant 
java_command: seedu.address.Main
java_class_path (initial): C:\Users\Weiye\Documents\School\CS2103\tp\build\classes\java\main;C:\Users\Weiye\Documents\School\CS2103\tp\build\resources\main;C:\Users\Weiye\.gradle\caches\modules-2\files-2.1\org.openjfx\javafx-fxml\11\d5ff9262ef49d166db658d15f37e3ecff38fde4b\javafx-fxml-11-win.jar;C:\Users\Weiye\.gradle\caches\modules-2\files-2.1\org.openjfx\javafx-fxml\11\e0f5bb81e21054b59f2ebfa727d40a90ee0260d3\javafx-fxml-11-mac.jar;C:\Users\Weiye\.gradle\caches\modules-2\files-2.1\org.openjfx\javafx-fxml\11\e7a757b580fc3e2e1a121768606c7836eef418c\javafx-fxml-11-linux.jar;C:\Users\Weiye\.gradle\caches\modules-2\files-2.1\org.openjfx\javafx-controls\11\af8d24de44e16a19ae959028eb23a48c145fb682\javafx-controls-11-win.jar;C:\Users\Weiye\.gradle\caches\modules-2\files-2.1\org.openjfx\javafx-controls\11\e3a24a14e8732abc6dc173f15872dc63e2a32e16\javafx-controls-11-mac.jar;C:\Users\Weiye\.gradle\caches\modules-2\files-2.1\org.openjfx\javafx-controls\11\794488e3b1f4635d9a1b842bdc872a5eb8fd54ca\javafx-controls-11-linux.jar;C:\Users\Weiye\.gradle\caches\modules-2\files-2.1\org.openjfx\javafx-controls\11\58d961774262ec972bf304e16c154a8e18c2050b\javafx-controls-11.jar;C:\Users\Weiye\.gradle\caches\modules-2\files-2.1\org.openjfx\javafx-graphics\11\9345c7ea43dbcc73a62eca5332717b4ce617e6c6\javafx-graphics-11-win.jar;C:\Users\Weiye\.gradle\caches\modules-2\files-2.1\org.openjfx\javafx-graphics\11\af47a6d3668d3ce1c61e1fe13c44471b6f8d469\javafx-graphics-11-mac.jar;C:\Users\Weiye\.gradle\caches\modules-2\files-2.1\org.openjfx\javafx-graphics\11\4ab9edd8d481a420044c473fdb5718ccdd35c836\javafx-graphics-11-linux.jar;C:\Users\Weiye\.gradle\caches\modules-2\files-2.1\org.openjfx\javafx-graphics\11\a736dd079047ec0b72b8c4970842a5c5e0c19f2f\javafx-graphics-11.jar;C:\Users\Weiye\.gradle\caches\modules-2\files-2.1\org.openjfx\javafx-base\11\ad3a4acfaa28b484d30c40c1f009445cc3f6e68b\javafx-base-11-win.jar;C:\Users\Weiye\.gradle\caches\modules-2\files-2.1\org.openjfx\javafx-base\11\4b060dad0affd
Launcher Type: SUN_STANDARD

[Global flags]
     intx CICompilerCount                          = 12                                        {product} {ergonomic}
     uint ConcGCThreads                            = 3                                         {product} {ergonomic}
     uint G1ConcRefinementThreads                  = 13                                        {product} {ergonomic}
   size_t G1HeapRegionSize                         = 1048576                                   {product} {ergonomic}
    uintx GCDrainStackTargetSize                   = 64                                        {product} {ergonomic}
   size_t InitialHeapSize                          = 257949696                                 {product} {ergonomic}
   size_t MarkStackSize                            = 4194304                                   {product} {ergonomic}
   size_t MaxHeapSize                              = 4125097984                                {product} {ergonomic}
   size_t MaxNewSize                               = 2474639360                                {product} {ergonomic}
   size_t MinHeapDeltaBytes                        = 1048576                                   {product} {ergonomic}
    uintx NonNMethodCodeHeapSize                   = 7594288                                {pd product} {ergonomic}
    uintx NonProfiledCodeHeapSize                  = 122031976                              {pd product} {ergonomic}
    uintx ProfiledCodeHeapSize                     = 122031976                              {pd product} {ergonomic}
    uintx ReservedCodeCacheSize                    = 251658240                              {pd product} {ergonomic}
     bool SegmentedCodeCache                       = true                                      {product} {ergonomic}
     bool UseCompressedClassPointers               = true                                 {lp64_product} {ergonomic}
     bool UseCompressedOops                        = true                                 {lp64_product} {ergonomic}
     bool UseG1GC                                  = true                                      {product} {ergonomic}
     bool UseLargePagesIndividualAllocation        = false                                  {pd product} {ergonomic}

Logging:
Log output configuration:
 #0: stdout all=warning uptime,level,tags
 #1: stderr all=off uptime,level,tags

Environment Variables:
PATH=C:\Program Files\Microsoft\jdk-11.0.12.7-hotspot\bin;C:\Program Files\Common Files\Oracle\Java\javapath;C:\Program Files\Tableau\Tableau Server\packages\bin.20214.21.1217.2252;C:\Windows\system32;C:\Windows;C:\Windows\System32\Wbem;C:\Windows\System32\WindowsPowerShell\v1.0\;C:\Windows\System32\OpenSSH\;C:\Program Files (x86)\NVIDIA Corporation\PhysX\Common;C:\Program Files\NVIDIA Corporation\NVIDIA NvDLISR;C:\Program Files\Git\cmd;C:\xampp\instantclient_21_3;C:\Program Files\nodejs\;C:\Program Files\dotnet\;C:\Program Files\Microsoft SQL Server\150\Tools\Binn\;C:\Program Files\Microsoft SQL Server\Client SDK\ODBC\170\Tools\Binn\;C:\Program Files\Graphviz\bin;C:\Users\Weiye\AppData\Local\Programs\Python\Python310\Scripts\;C:\Users\Weiye\AppData\Local\Programs\Python\Python310\;C:\Program Files\MySQL\MySQL Shell 8.0\bin\;C:\Users\Weiye\AppData\Local\Microsoft\WindowsApps;C:\Users\Weiye\AppData\Local\Programs\Microsoft VS Code\bin;C:\Users\Weiye\AppData\Roaming\npm;C:\Program Files\nodejs;C:\Users\Weiye\.dotnet\tools;C:\Program Files\hadoop-3.3.0\bin;C:\Program Files\hadoop-3.3.0\sbin;C:\Users\Weiye\AppData\Roaming\TinyTeX\bin\win32;C:\Users\Weiye\AppData\Local\GitHubDesktop\bin
USERNAME=Weiye
OS=Windows_NT
PROCESSOR_IDENTIFIER=AMD64 Family 25 Model 80 Stepping 0, AuthenticAMD



---------------  S Y S T E M  ---------------

OS: Windows 10 , 64 bit Build 22000 (10.0.22000.434)

CPU:total 16 (initial active 16) (16 cores per cpu, 2 threads per core) family 25 model 80 stepping 0 microcode 0x0, cmov, cx8, fxsr, mmx, sse, sse2, sse3, ssse3, sse4.1, sse4.2, popcnt, avx, avx2, aes, clmul, erms, mmxext, 3dnowpref, lzcnt, sse4a, ht, tsc, tscinvbit, tscinv, bmi1, bmi2,

Memory: 4k page, system-wide physical 15734M (2205M free)
TotalPageFile size 64886M (AvailPageFile size 3M)
current process WorkingSet (physical memory assigned to process): 172M, peak: 172M
current process commit charge ("private bytes"): 440M, peak: 441M

vm_info: Java HotSpot(TM) 64-Bit Server VM (11.0.13+10-LTS-370) for windows-amd64 JRE (11.0.13+10-LTS-370), built on Sep 15 2021 22:10:36 by "mach5one" with MS VC++ 15.9 (VS2017)

END.
